d:\projetos\git\c++\idj\void\void\debug\vc120.pdb
d:\projetos\git\c++\idj\void\void\debug\vc120.idb
d:\projetos\git\c++\idj\void\void\debug\gameobject.obj
d:\projetos\git\c++\idj\void\void\debug\music.obj
d:\projetos\git\c++\idj\void\void\debug\point.obj
d:\projetos\git\c++\idj\void\void\debug\rect.obj
d:\projetos\git\c++\idj\void\void\debug\resource.obj
d:\projetos\git\c++\idj\void\void\debug\sound.obj
d:\projetos\git\c++\idj\void\void\debug\state.obj
d:\projetos\git\c++\idj\void\void\debug\statedata.obj
d:\projetos\git\c++\idj\void\void\debug\tileset.obj
d:\projetos\git\c++\idj\void\void\debug\timer.obj
d:\projetos\git\c++\idj\void\void\debug\collision.obj
d:\projetos\git\c++\idj\void\void\debug\player.obj
d:\projetos\git\c++\idj\void\void\debug\bullet.obj
d:\projetos\git\c++\idj\void\void\debug\main.obj
d:\projetos\git\c++\idj\void\void\debug\realstate.obj
d:\projetos\git\c++\idj\void\void\debug\text.obj
d:\projetos\git\c++\idj\void\void\debug\blocktileset.obj
d:\projetos\git\c++\idj\void\void\debug\camera.obj
d:\projetos\git\c++\idj\void\void\debug\inputmanager.obj
d:\projetos\git\c++\idj\void\void\debug\multitileset.obj
d:\projetos\git\c++\idj\void\void\debug\sprite.obj
d:\projetos\git\c++\idj\void\void\debug\stillanimation.obj
d:\projetos\git\c++\idj\void\void\debug\tilemap.obj
d:\projetos\git\c++\idj\void\void\debug\game.obj
d:\projetos\git\c++\idj\void\void\debug\tristestate.obj
d:\projetos\git\c++\idj\void\void\debug\circle.obj
d:\projetos\git\c++\idj\void\void\debug\npc.obj
d:\projetos\git\c++\idj\void\void\debug\note.obj
d:\projetos\git\c++\idj\void\debug\void.ilk
d:\projetos\git\c++\idj\void\debug\void.exe
d:\projetos\git\c++\idj\void\debug\void.pdb
d:\projetos\git\c++\idj\void\void\debug\void.tlog\cl.command.1.tlog
d:\projetos\git\c++\idj\void\void\debug\void.tlog\cl.read.1.tlog
d:\projetos\git\c++\idj\void\void\debug\void.tlog\cl.write.1.tlog
d:\projetos\git\c++\idj\void\void\debug\void.tlog\link.command.1.tlog
d:\projetos\git\c++\idj\void\void\debug\void.tlog\link.read.1.tlog
d:\projetos\git\c++\idj\void\void\debug\void.tlog\link.write.1.tlog
